RuntimeError: module compiled against API version 0xf but this version of numpy is 0xe
  0%|          | 0/14 [00:00<?, ?it/s]
  0%|          | 0/8 [00:00<?, ?it/s][A
 12%|â–ˆâ–Ž        | 1/8 [01:23<09:45, 83.70s/it][A
 38%|â–ˆâ–ˆâ–ˆâ–Š      | 3/8 [01:24<01:50, 22.18s/it][A
100%|â–ˆâ–ˆâ–ˆâ–ˆâ–ˆâ–ˆâ–ˆâ–ˆâ–ˆâ–ˆ| 8/8 [01:25<00:00,  6.16s/it][A100%|â–ˆâ–ˆâ–ˆâ–ˆâ–ˆâ–ˆâ–ˆâ–ˆâ–ˆâ–ˆ| 8/8 [01:25<00:00, 10.69s/it]
  7%|â–‹         | 1/14 [01:33<20:18, 93.77s/it]
  0%|          | 0/8 [00:00<?, ?it/s][A
 12%|â–ˆâ–Ž        | 1/8 [02:10<15:10, 130.02s/it][A
 25%|â–ˆâ–ˆâ–Œ       | 2/8 [02:16<05:42, 57.09s/it] [A100%|â–ˆâ–ˆâ–ˆâ–ˆâ–ˆâ–ˆâ–ˆâ–ˆâ–ˆâ–ˆ| 8/8 [02:16<00:00, 17.01s/it]
 14%|â–ˆâ–        | 2/14 [03:55<24:26, 122.23s/it]
  0%|          | 0/8 [00:00<?, ?it/s][A
 12%|â–ˆâ–Ž        | 1/8 [02:14<15:42, 134.66s/it][A100%|â–ˆâ–ˆâ–ˆâ–ˆâ–ˆâ–ˆâ–ˆâ–ˆâ–ˆâ–ˆ| 8/8 [02:14<00:00, 16.83s/it] 
 21%|â–ˆâ–ˆâ–       | 3/14 [06:16<23:58, 130.79s/it]
  0%|          | 0/8 [00:00<?, ?it/s][A
 12%|â–ˆâ–Ž        | 1/8 [02:16<15:56, 136.59s/it][A
 25%|â–ˆâ–ˆâ–Œ       | 2/8 [02:17<05:39, 56.64s/it] [A
 88%|â–ˆâ–ˆâ–ˆâ–ˆâ–ˆâ–ˆâ–ˆâ–ˆâ–Š | 7/8 [02:17<00:10, 10.94s/it][A100%|â–ˆâ–ˆâ–ˆâ–ˆâ–ˆâ–ˆâ–ˆâ–ˆâ–ˆâ–ˆ| 8/8 [02:17<00:00, 17.20s/it]
 29%|â–ˆâ–ˆâ–Š       | 4/14 [08:44<22:54, 137.44s/it]
  0%|          | 0/8 [00:00<?, ?it/s][A
 12%|â–ˆâ–Ž        | 1/8 [02:15<15:47, 135.41s/it][A
 25%|â–ˆâ–ˆâ–Œ       | 2/8 [02:15<05:35, 55.95s/it] [A
 75%|â–ˆâ–ˆâ–ˆâ–ˆâ–ˆâ–ˆâ–ˆâ–Œ  | 6/8 [02:20<00:27, 13.66s/it][A100%|â–ˆâ–ˆâ–ˆâ–ˆâ–ˆâ–ˆâ–ˆâ–ˆâ–ˆâ–ˆ| 8/8 [02:20<00:00, 17.51s/it]
 36%|â–ˆâ–ˆâ–ˆâ–Œ      | 5/14 [11:10<21:04, 140.50s/it]
  0%|          | 0/8 [00:00<?, ?it/s][A
 12%|â–ˆâ–Ž        | 1/8 [02:13<15:34, 133.48s/it][A
 25%|â–ˆâ–ˆâ–Œ       | 2/8 [02:13<05:30, 55.15s/it] [A
 38%|â–ˆâ–ˆâ–ˆâ–Š      | 3/8 [02:14<02:31, 30.35s/it][A
 62%|â–ˆâ–ˆâ–ˆâ–ˆâ–ˆâ–ˆâ–Ž   | 5/8 [02:15<00:40, 13.49s/it][A100%|â–ˆâ–ˆâ–ˆâ–ˆâ–ˆâ–ˆâ–ˆâ–ˆâ–ˆâ–ˆ| 8/8 [02:15<00:00, 16.97s/it]
 43%|â–ˆâ–ˆâ–ˆâ–ˆâ–Ž     | 6/14 [13:36<18:59, 142.38s/it]
  0%|          | 0/8 [00:00<?, ?it/s][A
 12%|â–ˆâ–Ž        | 1/8 [02:14<15:40, 134.39s/it][A
 25%|â–ˆâ–ˆâ–Œ       | 2/8 [02:17<05:41, 57.00s/it] [A100%|â–ˆâ–ˆâ–ˆâ–ˆâ–ˆâ–ˆâ–ˆâ–ˆâ–ˆâ–ˆ| 8/8 [02:17<00:00, 17.15s/it]
 50%|â–ˆâ–ˆâ–ˆâ–ˆâ–ˆ     | 7/14 [16:05<16:50, 144.40s/it]
  0%|          | 0/8 [00:00<?, ?it/s][A
 12%|â–ˆâ–Ž        | 1/8 [02:13<15:35, 133.64s/it][A
 25%|â–ˆâ–ˆâ–Œ       | 2/8 [02:15<05:36, 56.11s/it] [A
 38%|â–ˆâ–ˆâ–ˆâ–Š      | 3/8 [02:16<02:34, 30.93s/it][A
 62%|â–ˆâ–ˆâ–ˆâ–ˆâ–ˆâ–ˆâ–Ž   | 5/8 [02:20<00:43, 14.43s/it][A100%|â–ˆâ–ˆâ–ˆâ–ˆâ–ˆâ–ˆâ–ˆâ–ˆâ–ˆâ–ˆ| 8/8 [02:20<00:00, 17.50s/it]
 57%|â–ˆâ–ˆâ–ˆâ–ˆâ–ˆâ–‹    | 8/14 [18:27<14:22, 143.78s/it]
  0%|          | 0/8 [00:00<?, ?it/s][A
 12%|â–ˆâ–Ž        | 1/8 [02:15<15:47, 135.43s/it][A
 25%|â–ˆâ–ˆâ–Œ       | 2/8 [02:20<05:54, 59.03s/it] [A100%|â–ˆâ–ˆâ–ˆâ–ˆâ–ˆâ–ˆâ–ˆâ–ˆâ–ˆâ–ˆ| 8/8 [02:20<00:00, 17.62s/it]
 64%|â–ˆâ–ˆâ–ˆâ–ˆâ–ˆâ–ˆâ–   | 9/14 [20:55<12:05, 145.06s/it]
  0%|          | 0/8 [00:00<?, ?it/s][A
 12%|â–ˆâ–Ž        | 1/8 [02:16<15:54, 136.37s/it][A100%|â–ˆâ–ˆâ–ˆâ–ˆâ–ˆâ–ˆâ–ˆâ–ˆâ–ˆâ–ˆ| 8/8 [02:16<00:00, 17.06s/it] 
 71%|â–ˆâ–ˆâ–ˆâ–ˆâ–ˆâ–ˆâ–ˆâ–  | 10/14 [23:17<09:36, 144.07s/it]
  0%|          | 0/8 [00:00<?, ?it/s][A
 12%|â–ˆâ–Ž        | 1/8 [02:14<15:44, 134.99s/it][A
 25%|â–ˆâ–ˆâ–Œ       | 2/8 [02:15<05:34, 55.69s/it] [A
 62%|â–ˆâ–ˆâ–ˆâ–ˆâ–ˆâ–ˆâ–Ž   | 5/8 [02:16<00:48, 16.02s/it][A100%|â–ˆâ–ˆâ–ˆâ–ˆâ–ˆâ–ˆâ–ˆâ–ˆâ–ˆâ–ˆ| 8/8 [02:16<00:00, 17.00s/it]
 79%|â–ˆâ–ˆâ–ˆâ–ˆâ–ˆâ–ˆâ–ˆâ–Š  | 11/14 [25:38<07:09, 143.30s/it]
  0%|          | 0/8 [00:00<?, ?it/s][A  0%|          | 0/8 [02:14<?, ?it/s]
 79%|â–ˆâ–ˆâ–ˆâ–ˆâ–ˆâ–ˆâ–ˆâ–Š  | 11/14 [27:54<07:36, 152.23s/it]
multiprocessing.pool.RemoteTraceback: 
"""
Traceback (most recent call last):
  File "/home/n9455647/.conda/envs/conda_test/lib/python3.8/multiprocessing/pool.py", line 125, in worker
    result = (True, func(*args, **kwds))
  File "el_white_box_fidelity.py", line 394, in test_fidelity
    exp_score, explanation_features = get_explanation_features(explainer, instance, cls, scaler, dataset_ref, classification, exp_iter, xai_method,
  File "el_white_box_fidelity.py", line 354, in get_explanation_features
    exp_score, feat_pos = get_lime_features(explainer, instance, cls, classification, exp_iter, feat_list, percentile)
  File "el_white_box_fidelity.py", line 221, in get_lime_features
    n = feat_list.index(feat_name)
ValueError: '-0.00' is not in list
"""

The above exception was the direct cause of the following exception:

Traceback (most recent call last):
  File "el_white_box_fidelity.py", line 534, in <module>
    for result in tqdm(pool.imap(test_fidelity, [i for i in range(len(sample_instances))]), total = len(sample_instances)):
  File "/home/n9455647/.conda/envs/conda_test/lib/python3.8/site-packages/tqdm/std.py", line 1195, in __iter__
    for obj in iterable:
  File "/home/n9455647/.conda/envs/conda_test/lib/python3.8/multiprocessing/pool.py", line 868, in next
    raise value
ValueError: '-0.00' is not in list
