RuntimeError: module compiled against API version 0xf but this version of numpy is 0xe
  0%|          | 0/14 [00:00<?, ?it/s]
  0%|          | 0/8 [00:00<?, ?it/s][A
 12%|â–ˆâ–Ž        | 1/8 [01:19<09:15, 79.41s/it][A
 50%|â–ˆâ–ˆâ–ˆâ–ˆâ–ˆ     | 4/8 [01:20<01:01, 15.37s/it][A100%|â–ˆâ–ˆâ–ˆâ–ˆâ–ˆâ–ˆâ–ˆâ–ˆâ–ˆâ–ˆ| 8/8 [01:20<00:00, 10.09s/it]
  7%|â–‹         | 1/14 [01:25<18:37, 85.95s/it]
  0%|          | 0/8 [00:00<?, ?it/s][A
 12%|â–ˆâ–Ž        | 1/8 [01:52<13:09, 112.73s/it][A
 25%|â–ˆâ–ˆâ–Œ       | 2/8 [01:52<04:39, 46.56s/it] [A
 50%|â–ˆâ–ˆâ–ˆâ–ˆâ–ˆ     | 4/8 [01:55<01:12, 18.20s/it][A100%|â–ˆâ–ˆâ–ˆâ–ˆâ–ˆâ–ˆâ–ˆâ–ˆâ–ˆâ–ˆ| 8/8 [01:55<00:00, 14.45s/it]
 14%|â–ˆâ–        | 2/14 [03:35<22:19, 111.61s/it]
  0%|          | 0/8 [00:00<?, ?it/s][A
 12%|â–ˆâ–Ž        | 1/8 [02:18<16:07, 138.26s/it][A
 88%|â–ˆâ–ˆâ–ˆâ–ˆâ–ˆâ–ˆâ–ˆâ–ˆâ–Š | 7/8 [02:18<00:14, 14.51s/it] [A100%|â–ˆâ–ˆâ–ˆâ–ˆâ–ˆâ–ˆâ–ˆâ–ˆâ–ˆâ–ˆ| 8/8 [02:20<00:00, 17.61s/it]
 21%|â–ˆâ–ˆâ–       | 3/14 [06:02<23:23, 127.57s/it]
  0%|          | 0/8 [00:00<?, ?it/s][A
 12%|â–ˆâ–Ž        | 1/8 [02:40<18:43, 160.45s/it][A
 50%|â–ˆâ–ˆâ–ˆâ–ˆâ–ˆ     | 4/8 [02:45<02:07, 31.79s/it] [A100%|â–ˆâ–ˆâ–ˆâ–ˆâ–ˆâ–ˆâ–ˆâ–ˆâ–ˆâ–ˆ| 8/8 [02:45<00:00, 20.72s/it]
 29%|â–ˆâ–ˆâ–Š       | 4/14 [08:56<24:19, 145.92s/it]
  0%|          | 0/8 [00:00<?, ?it/s][A
 12%|â–ˆâ–Ž        | 1/8 [02:45<19:19, 165.65s/it][A
 62%|â–ˆâ–ˆâ–ˆâ–ˆâ–ˆâ–ˆâ–Ž   | 5/8 [02:46<01:14, 24.90s/it] [A
 75%|â–ˆâ–ˆâ–ˆâ–ˆâ–ˆâ–ˆâ–ˆâ–Œ  | 6/8 [02:46<00:38, 19.14s/it][A
100%|â–ˆâ–ˆâ–ˆâ–ˆâ–ˆâ–ˆâ–ˆâ–ˆâ–ˆâ–ˆ| 8/8 [02:52<00:00, 12.52s/it][A100%|â–ˆâ–ˆâ–ˆâ–ˆâ–ˆâ–ˆâ–ˆâ–ˆâ–ˆâ–ˆ| 8/8 [02:52<00:00, 21.51s/it]
 36%|â–ˆâ–ˆâ–ˆâ–Œ      | 5/14 [11:54<23:38, 157.66s/it]
  0%|          | 0/8 [00:00<?, ?it/s][A
 12%|â–ˆâ–Ž        | 1/8 [02:36<18:18, 157.00s/it][A
 25%|â–ˆâ–ˆâ–Œ       | 2/8 [02:52<07:23, 73.95s/it] [A100%|â–ˆâ–ˆâ–ˆâ–ˆâ–ˆâ–ˆâ–ˆâ–ˆâ–ˆâ–ˆ| 8/8 [02:52<00:00, 21.60s/it]
 43%|â–ˆâ–ˆâ–ˆâ–ˆâ–Ž     | 6/14 [14:54<22:01, 165.16s/it]
  0%|          | 0/8 [00:00<?, ?it/s][A
 12%|â–ˆâ–Ž        | 1/8 [02:52<20:05, 172.24s/it][A
 50%|â–ˆâ–ˆâ–ˆâ–ˆâ–ˆ     | 4/8 [02:54<02:12, 33.23s/it] [A
 75%|â–ˆâ–ˆâ–ˆâ–ˆâ–ˆâ–ˆâ–ˆâ–Œ  | 6/8 [03:00<00:39, 19.96s/it][A100%|â–ˆâ–ˆâ–ˆâ–ˆâ–ˆâ–ˆâ–ˆâ–ˆâ–ˆâ–ˆ| 8/8 [03:00<00:00, 22.52s/it]
 50%|â–ˆâ–ˆâ–ˆâ–ˆâ–ˆ     | 7/14 [18:05<20:14, 173.54s/it]
  0%|          | 0/8 [00:00<?, ?it/s][A
 12%|â–ˆâ–Ž        | 1/8 [02:37<18:21, 157.38s/it][A
 88%|â–ˆâ–ˆâ–ˆâ–ˆâ–ˆâ–ˆâ–ˆâ–ˆâ–Š | 7/8 [02:37<00:16, 16.49s/it] [A100%|â–ˆâ–ˆâ–ˆâ–ˆâ–ˆâ–ˆâ–ˆâ–ˆâ–ˆâ–ˆ| 8/8 [02:37<00:00, 19.72s/it]
 57%|â–ˆâ–ˆâ–ˆâ–ˆâ–ˆâ–‹    | 8/14 [20:57<17:18, 173.03s/it]
  0%|          | 0/8 [00:00<?, ?it/s][A
 12%|â–ˆâ–Ž        | 1/8 [02:44<19:11, 164.54s/it][A
 25%|â–ˆâ–ˆâ–Œ       | 2/8 [02:49<07:04, 70.79s/it] [A100%|â–ˆâ–ˆâ–ˆâ–ˆâ–ˆâ–ˆâ–ˆâ–ˆâ–ˆâ–ˆ| 8/8 [02:49<00:00, 21.21s/it]
 64%|â–ˆâ–ˆâ–ˆâ–ˆâ–ˆâ–ˆâ–   | 9/14 [23:55<14:33, 174.64s/it]
  0%|          | 0/8 [00:00<?, ?it/s][A
 12%|â–ˆâ–Ž        | 1/8 [02:44<19:10, 164.42s/it][A
 25%|â–ˆâ–ˆâ–Œ       | 2/8 [02:45<06:49, 68.30s/it] [A
 50%|â–ˆâ–ˆâ–ˆâ–ˆâ–ˆ     | 4/8 [02:46<01:42, 25.68s/it][A
 62%|â–ˆâ–ˆâ–ˆâ–ˆâ–ˆâ–ˆâ–Ž   | 5/8 [02:46<00:53, 17.89s/it][A
 75%|â–ˆâ–ˆâ–ˆâ–ˆâ–ˆâ–ˆâ–ˆâ–Œ  | 6/8 [02:47<00:25, 12.78s/it][A100%|â–ˆâ–ˆâ–ˆâ–ˆâ–ˆâ–ˆâ–ˆâ–ˆâ–ˆâ–ˆ| 8/8 [02:47<00:00, 20.97s/it]
 71%|â–ˆâ–ˆâ–ˆâ–ˆâ–ˆâ–ˆâ–ˆâ–  | 10/14 [26:50<11:39, 174.85s/it]
  0%|          | 0/8 [00:00<?, ?it/s][A
 12%|â–ˆâ–Ž        | 1/8 [02:50<19:56, 170.94s/it][A
 25%|â–ˆâ–ˆâ–Œ       | 2/8 [02:55<07:16, 72.79s/it] [A100%|â–ˆâ–ˆâ–ˆâ–ˆâ–ˆâ–ˆâ–ˆâ–ˆâ–ˆâ–ˆ| 8/8 [02:55<00:00, 21.88s/it]
 79%|â–ˆâ–ˆâ–ˆâ–ˆâ–ˆâ–ˆâ–ˆâ–Š  | 11/14 [29:56<08:54, 178.22s/it]
  0%|          | 0/8 [00:00<?, ?it/s][A  0%|          | 0/8 [02:46<?, ?it/s]
 79%|â–ˆâ–ˆâ–ˆâ–ˆâ–ˆâ–ˆâ–ˆâ–Š  | 11/14 [32:44<08:55, 178.59s/it]
multiprocessing.pool.RemoteTraceback: 
"""
Traceback (most recent call last):
  File "/home/n9455647/.conda/envs/conda_test/lib/python3.8/multiprocessing/pool.py", line 125, in worker
    result = (True, func(*args, **kwds))
  File "el_white_box_fidelity.py", line 394, in test_fidelity
    exp_score, explanation_features = get_explanation_features(explainer, instance, cls, scaler, dataset_ref, classification, exp_iter, xai_method,
  File "el_white_box_fidelity.py", line 354, in get_explanation_features
    exp_score, feat_pos = get_lime_features(explainer, instance, cls, classification, exp_iter, feat_list, percentile)
  File "el_white_box_fidelity.py", line 221, in get_lime_features
    n = feat_list.index(feat_name)
ValueError: '-0.00' is not in list
"""

The above exception was the direct cause of the following exception:

Traceback (most recent call last):
  File "el_white_box_fidelity.py", line 534, in <module>
    for result in tqdm(pool.imap(test_fidelity, [i for i in range(len(sample_instances))]), total = len(sample_instances)):
  File "/home/n9455647/.conda/envs/conda_test/lib/python3.8/site-packages/tqdm/std.py", line 1195, in __iter__
    for obj in iterable:
  File "/home/n9455647/.conda/envs/conda_test/lib/python3.8/multiprocessing/pool.py", line 868, in next
    raise value
ValueError: '-0.00' is not in list
