RuntimeError: module compiled against API version 0xf but this version of numpy is 0xe
  0%|          | 0/14 [00:00<?, ?it/s]
  0%|          | 0/8 [00:00<?, ?it/s][A
 12%|â–ˆâ–Ž        | 1/8 [01:21<09:27, 81.04s/it][A
 25%|â–ˆâ–ˆâ–Œ       | 2/8 [01:25<03:35, 35.88s/it][A100%|â–ˆâ–ˆâ–ˆâ–ˆâ–ˆâ–ˆâ–ˆâ–ˆâ–ˆâ–ˆ| 8/8 [01:25<00:00, 10.66s/it]
  7%|â–‹         | 1/14 [01:34<20:29, 94.55s/it]
  0%|          | 0/8 [00:00<?, ?it/s][A
 12%|â–ˆâ–Ž        | 1/8 [01:51<13:01, 111.57s/it][A
 25%|â–ˆâ–ˆâ–Œ       | 2/8 [01:55<04:49, 48.17s/it] [A100%|â–ˆâ–ˆâ–ˆâ–ˆâ–ˆâ–ˆâ–ˆâ–ˆâ–ˆâ–ˆ| 8/8 [01:55<00:00, 14.43s/it]
 14%|â–ˆâ–        | 2/14 [03:33<21:49, 109.11s/it]
  0%|          | 0/8 [00:00<?, ?it/s][A
 12%|â–ˆâ–Ž        | 1/8 [01:51<13:01, 111.64s/it][A
 38%|â–ˆâ–ˆâ–ˆâ–Š      | 3/8 [01:52<02:26, 29.32s/it] [A
 50%|â–ˆâ–ˆâ–ˆâ–ˆâ–ˆ     | 4/8 [01:55<01:20, 20.01s/it][A
 62%|â–ˆâ–ˆâ–ˆâ–ˆâ–ˆâ–ˆâ–Ž   | 5/8 [01:56<00:41, 13.87s/it][A100%|â–ˆâ–ˆâ–ˆâ–ˆâ–ˆâ–ˆâ–ˆâ–ˆâ–ˆâ–ˆ| 8/8 [01:56<00:00, 14.56s/it]
 21%|â–ˆâ–ˆâ–       | 3/14 [05:35<21:02, 114.78s/it]
  0%|          | 0/8 [00:00<?, ?it/s][A
 12%|â–ˆâ–Ž        | 1/8 [02:19<16:17, 139.58s/it][A
100%|â–ˆâ–ˆâ–ˆâ–ˆâ–ˆâ–ˆâ–ˆâ–ˆâ–ˆâ–ˆ| 8/8 [02:22<00:00, 13.10s/it] [A100%|â–ˆâ–ˆâ–ˆâ–ˆâ–ˆâ–ˆâ–ˆâ–ˆâ–ˆâ–ˆ| 8/8 [02:22<00:00, 17.84s/it]
 29%|â–ˆâ–ˆâ–Š       | 4/14 [08:07<21:33, 129.33s/it]
  0%|          | 0/8 [00:00<?, ?it/s][A
 12%|â–ˆâ–Ž        | 1/8 [02:27<17:15, 147.98s/it][A
 50%|â–ˆâ–ˆâ–ˆâ–ˆâ–ˆ     | 4/8 [02:31<01:56, 29.05s/it] [A100%|â–ˆâ–ˆâ–ˆâ–ˆâ–ˆâ–ˆâ–ˆâ–ˆâ–ˆâ–ˆ| 8/8 [02:31<00:00, 18.98s/it]
 36%|â–ˆâ–ˆâ–ˆâ–Œ      | 5/14 [10:48<21:06, 140.78s/it]
  0%|          | 0/8 [00:00<?, ?it/s][A
 12%|â–ˆâ–Ž        | 1/8 [02:28<17:16, 148.12s/it][A
 25%|â–ˆâ–ˆâ–Œ       | 2/8 [02:36<06:36, 66.00s/it] [A100%|â–ˆâ–ˆâ–ˆâ–ˆâ–ˆâ–ˆâ–ˆâ–ˆâ–ˆâ–ˆ| 8/8 [02:36<00:00, 19.58s/it]
 43%|â–ˆâ–ˆâ–ˆâ–ˆâ–Ž     | 6/14 [13:34<19:54, 149.36s/it]
  0%|          | 0/8 [00:00<?, ?it/s][A
 12%|â–ˆâ–Ž        | 1/8 [02:43<19:02, 163.24s/it][A
 25%|â–ˆâ–ˆâ–Œ       | 2/8 [02:47<06:56, 69.43s/it] [A100%|â–ˆâ–ˆâ–ˆâ–ˆâ–ˆâ–ˆâ–ˆâ–ˆâ–ˆâ–ˆ| 8/8 [02:47<00:00, 20.88s/it]
 50%|â–ˆâ–ˆâ–ˆâ–ˆâ–ˆ     | 7/14 [16:30<18:28, 158.34s/it]
  0%|          | 0/8 [00:00<?, ?it/s][A
 12%|â–ˆâ–Ž        | 1/8 [02:39<18:33, 159.10s/it][A
100%|â–ˆâ–ˆâ–ˆâ–ˆâ–ˆâ–ˆâ–ˆâ–ˆâ–ˆâ–ˆ| 8/8 [02:40<00:00, 14.71s/it] [A100%|â–ˆâ–ˆâ–ˆâ–ˆâ–ˆâ–ˆâ–ˆâ–ˆâ–ˆâ–ˆ| 8/8 [02:40<00:00, 20.12s/it]
 57%|â–ˆâ–ˆâ–ˆâ–ˆâ–ˆâ–‹    | 8/14 [19:16<16:03, 160.55s/it]
  0%|          | 0/8 [00:00<?, ?it/s][A
 12%|â–ˆâ–Ž        | 1/8 [02:37<18:21, 157.29s/it][A
 50%|â–ˆâ–ˆâ–ˆâ–ˆâ–ˆ     | 4/8 [02:39<02:01, 30.36s/it] [A
 62%|â–ˆâ–ˆâ–ˆâ–ˆâ–ˆâ–ˆâ–Ž   | 5/8 [02:40<01:06, 22.07s/it][A
 75%|â–ˆâ–ˆâ–ˆâ–ˆâ–ˆâ–ˆâ–ˆâ–Œ  | 6/8 [02:42<00:33, 16.53s/it][A100%|â–ˆâ–ˆâ–ˆâ–ˆâ–ˆâ–ˆâ–ˆâ–ˆâ–ˆâ–ˆ| 8/8 [02:42<00:00, 20.34s/it]
 64%|â–ˆâ–ˆâ–ˆâ–ˆâ–ˆâ–ˆâ–   | 9/14 [22:04<13:34, 162.89s/it]
  0%|          | 0/8 [00:00<?, ?it/s][A
 12%|â–ˆâ–Ž        | 1/8 [02:43<19:01, 163.00s/it][A
 25%|â–ˆâ–ˆâ–Œ       | 2/8 [02:45<06:50, 68.41s/it] [A
100%|â–ˆâ–ˆâ–ˆâ–ˆâ–ˆâ–ˆâ–ˆâ–ˆâ–ˆâ–ˆ| 8/8 [02:50<00:00, 12.01s/it][A100%|â–ˆâ–ˆâ–ˆâ–ˆâ–ˆâ–ˆâ–ˆâ–ˆâ–ˆâ–ˆ| 8/8 [02:50<00:00, 21.27s/it]
 71%|â–ˆâ–ˆâ–ˆâ–ˆâ–ˆâ–ˆâ–ˆâ–  | 10/14 [24:59<11:07, 166.78s/it]
  0%|          | 0/8 [00:00<?, ?it/s][A
 12%|â–ˆâ–Ž        | 1/8 [02:52<20:04, 172.13s/it][A100%|â–ˆâ–ˆâ–ˆâ–ˆâ–ˆâ–ˆâ–ˆâ–ˆâ–ˆâ–ˆ| 8/8 [02:52<00:00, 21.52s/it] 
 79%|â–ˆâ–ˆâ–ˆâ–ˆâ–ˆâ–ˆâ–ˆâ–Š  | 11/14 [28:00<08:32, 170.92s/it]
  0%|          | 0/8 [00:00<?, ?it/s][A  0%|          | 0/8 [02:42<?, ?it/s]
 79%|â–ˆâ–ˆâ–ˆâ–ˆâ–ˆâ–ˆâ–ˆâ–Š  | 11/14 [30:43<08:22, 167.56s/it]
multiprocessing.pool.RemoteTraceback: 
"""
Traceback (most recent call last):
  File "/home/n9455647/.conda/envs/conda_test/lib/python3.8/multiprocessing/pool.py", line 125, in worker
    result = (True, func(*args, **kwds))
  File "el_white_box_fidelity.py", line 394, in test_fidelity
    exp_score, explanation_features = get_explanation_features(explainer, instance, cls, scaler, dataset_ref, classification, exp_iter, xai_method,
  File "el_white_box_fidelity.py", line 354, in get_explanation_features
    exp_score, feat_pos = get_lime_features(explainer, instance, cls, classification, exp_iter, feat_list, percentile)
  File "el_white_box_fidelity.py", line 221, in get_lime_features
    n = feat_list.index(feat_name)
ValueError: '-0.00' is not in list
"""

The above exception was the direct cause of the following exception:

Traceback (most recent call last):
  File "el_white_box_fidelity.py", line 534, in <module>
    for result in tqdm(pool.imap(test_fidelity, [i for i in range(len(sample_instances))]), total = len(sample_instances)):
  File "/home/n9455647/.conda/envs/conda_test/lib/python3.8/site-packages/tqdm/std.py", line 1195, in __iter__
    for obj in iterable:
  File "/home/n9455647/.conda/envs/conda_test/lib/python3.8/multiprocessing/pool.py", line 868, in next
    raise value
ValueError: '-0.00' is not in list
