RuntimeError: module compiled against API version 0xf but this version of numpy is 0xe
  0%|          | 0/14 [00:00<?, ?it/s]
  0%|          | 0/8 [00:00<?, ?it/s][A
 12%|â–ˆâ–Ž        | 1/8 [01:32<10:47, 92.53s/it][A
 25%|â–ˆâ–ˆâ–Œ       | 2/8 [01:32<03:49, 38.22s/it][A
 50%|â–ˆâ–ˆâ–ˆâ–ˆâ–ˆ     | 4/8 [01:33<00:57, 14.40s/it][A
 88%|â–ˆâ–ˆâ–ˆâ–ˆâ–ˆâ–ˆâ–ˆâ–ˆâ–Š | 7/8 [01:33<00:06,  6.17s/it][A100%|â–ˆâ–ˆâ–ˆâ–ˆâ–ˆâ–ˆâ–ˆâ–ˆâ–ˆâ–ˆ| 8/8 [01:33<00:00, 11.66s/it]
  7%|â–‹         | 1/14 [02:46<36:09, 166.91s/it]
  0%|          | 0/8 [00:00<?, ?it/s][A
 12%|â–ˆâ–Ž        | 1/8 [02:07<14:50, 127.16s/it][A
 25%|â–ˆâ–ˆâ–Œ       | 2/8 [02:08<05:18, 53.05s/it] [A100%|â–ˆâ–ˆâ–ˆâ–ˆâ–ˆâ–ˆâ–ˆâ–ˆâ–ˆâ–ˆ| 8/8 [02:08<00:00, 16.04s/it]
 14%|â–ˆâ–        | 2/14 [06:11<37:46, 188.85s/it]
  0%|          | 0/8 [00:00<?, ?it/s][A
 12%|â–ˆâ–Ž        | 1/8 [02:15<15:47, 135.42s/it][A
 62%|â–ˆâ–ˆâ–ˆâ–ˆâ–ˆâ–ˆâ–Ž   | 5/8 [02:17<01:01, 20.55s/it] [A100%|â–ˆâ–ˆâ–ˆâ–ˆâ–ˆâ–ˆâ–ˆâ–ˆâ–ˆâ–ˆ| 8/8 [02:17<00:00, 17.15s/it]
 21%|â–ˆâ–ˆâ–       | 3/14 [09:28<35:22, 192.92s/it]
  0%|          | 0/8 [00:00<?, ?it/s][A
 12%|â–ˆâ–Ž        | 1/8 [02:12<15:25, 132.19s/it][A
 50%|â–ˆâ–ˆâ–ˆâ–ˆâ–ˆ     | 4/8 [02:14<01:42, 25.52s/it] [A100%|â–ˆâ–ˆâ–ˆâ–ˆâ–ˆâ–ˆâ–ˆâ–ˆâ–ˆâ–ˆ| 8/8 [02:14<00:00, 16.76s/it]
 29%|â–ˆâ–ˆâ–Š       | 4/14 [12:43<32:17, 193.76s/it]
  0%|          | 0/8 [00:00<?, ?it/s][A
 12%|â–ˆâ–Ž        | 1/8 [02:10<15:13, 130.56s/it][A
 25%|â–ˆâ–ˆâ–Œ       | 2/8 [02:15<05:39, 56.59s/it] [A
 38%|â–ˆâ–ˆâ–ˆâ–Š      | 3/8 [02:16<02:35, 31.10s/it][A100%|â–ˆâ–ˆâ–ˆâ–ˆâ–ˆâ–ˆâ–ˆâ–ˆâ–ˆâ–ˆ| 8/8 [02:16<00:00, 17.02s/it]
 36%|â–ˆâ–ˆâ–ˆâ–Œ      | 5/14 [15:57<29:03, 193.71s/it]
  0%|          | 0/8 [00:00<?, ?it/s][A
 12%|â–ˆâ–Ž        | 1/8 [02:17<16:03, 137.62s/it][A
 38%|â–ˆâ–ˆâ–ˆâ–Š      | 3/8 [02:18<02:59, 35.89s/it] [A
 50%|â–ˆâ–ˆâ–ˆâ–ˆâ–ˆ     | 4/8 [02:18<01:34, 23.60s/it][A100%|â–ˆâ–ˆâ–ˆâ–ˆâ–ˆâ–ˆâ–ˆâ–ˆâ–ˆâ–ˆ| 8/8 [02:18<00:00, 17.32s/it]
 43%|â–ˆâ–ˆâ–ˆâ–ˆâ–Ž     | 6/14 [18:56<25:10, 188.76s/it]
  0%|          | 0/8 [00:00<?, ?it/s][A
 12%|â–ˆâ–Ž        | 1/8 [02:09<15:03, 129.04s/it][A
 25%|â–ˆâ–ˆâ–Œ       | 2/8 [02:10<05:23, 53.86s/it] [A
 62%|â–ˆâ–ˆâ–ˆâ–ˆâ–ˆâ–ˆâ–Ž   | 5/8 [02:10<00:46, 15.37s/it][A100%|â–ˆâ–ˆâ–ˆâ–ˆâ–ˆâ–ˆâ–ˆâ–ˆâ–ˆâ–ˆ| 8/8 [02:10<00:00, 16.32s/it]
 50%|â–ˆâ–ˆâ–ˆâ–ˆâ–ˆ     | 7/14 [21:21<20:19, 174.25s/it]
  0%|          | 0/8 [00:00<?, ?it/s][A
 12%|â–ˆâ–Ž        | 1/8 [02:01<14:13, 121.90s/it][A
 75%|â–ˆâ–ˆâ–ˆâ–ˆâ–ˆâ–ˆâ–ˆâ–Œ  | 6/8 [02:04<00:30, 15.36s/it] [A100%|â–ˆâ–ˆâ–ˆâ–ˆâ–ˆâ–ˆâ–ˆâ–ˆâ–ˆâ–ˆ| 8/8 [02:04<00:00, 15.51s/it]
 57%|â–ˆâ–ˆâ–ˆâ–ˆâ–ˆâ–‹    | 8/14 [23:33<16:04, 160.80s/it]
  0%|          | 0/8 [00:00<?, ?it/s][A
 12%|â–ˆâ–Ž        | 1/8 [02:02<14:16, 122.39s/it][A
 50%|â–ˆâ–ˆâ–ˆâ–ˆâ–ˆ     | 4/8 [02:04<01:35, 23.80s/it] [A100%|â–ˆâ–ˆâ–ˆâ–ˆâ–ˆâ–ˆâ–ˆâ–ˆâ–ˆâ–ˆ| 8/8 [02:04<00:00, 15.60s/it]
 64%|â–ˆâ–ˆâ–ˆâ–ˆâ–ˆâ–ˆâ–   | 9/14 [25:46<12:40, 152.10s/it]
  0%|          | 0/8 [00:00<?, ?it/s][A
 12%|â–ˆâ–Ž        | 1/8 [01:52<13:09, 112.72s/it][A
 25%|â–ˆâ–ˆâ–Œ       | 2/8 [01:54<04:46, 47.74s/it] [A
 50%|â–ˆâ–ˆâ–ˆâ–ˆâ–ˆ     | 4/8 [01:55<01:11, 17.99s/it][A
 62%|â–ˆâ–ˆâ–ˆâ–ˆâ–ˆâ–ˆâ–Ž   | 5/8 [02:00<00:41, 13.82s/it][A100%|â–ˆâ–ˆâ–ˆâ–ˆâ–ˆâ–ˆâ–ˆâ–ˆâ–ˆâ–ˆ| 8/8 [02:00<00:00, 15.01s/it]
 71%|â–ˆâ–ˆâ–ˆâ–ˆâ–ˆâ–ˆâ–ˆâ–  | 10/14 [27:54<09:39, 144.80s/it]
  0%|          | 0/8 [00:00<?, ?it/s][A
 12%|â–ˆâ–Ž        | 1/8 [01:53<13:12, 113.23s/it][A
 25%|â–ˆâ–ˆâ–Œ       | 2/8 [01:57<04:56, 49.34s/it] [A
 88%|â–ˆâ–ˆâ–ˆâ–ˆâ–ˆâ–ˆâ–ˆâ–ˆâ–Š | 7/8 [01:59<00:09,  9.68s/it][A100%|â–ˆâ–ˆâ–ˆâ–ˆâ–ˆâ–ˆâ–ˆâ–ˆâ–ˆâ–ˆ| 8/8 [01:59<00:00, 14.88s/it]
 79%|â–ˆâ–ˆâ–ˆâ–ˆâ–ˆâ–ˆâ–ˆâ–Š  | 11/14 [30:02<06:58, 139.59s/it]
  0%|          | 0/8 [00:00<?, ?it/s][A  0%|          | 0/8 [01:49<?, ?it/s]
 79%|â–ˆâ–ˆâ–ˆâ–ˆâ–ˆâ–ˆâ–ˆâ–Š  | 11/14 [31:53<08:41, 173.95s/it]
multiprocessing.pool.RemoteTraceback: 
"""
Traceback (most recent call last):
  File "/home/n9455647/.conda/envs/conda_test/lib/python3.8/multiprocessing/pool.py", line 125, in worker
    result = (True, func(*args, **kwds))
  File "el_white_box_fidelity.py", line 394, in test_fidelity
    exp_score, explanation_features = get_explanation_features(explainer, instance, cls, scaler, dataset_ref, classification, exp_iter, xai_method,
  File "el_white_box_fidelity.py", line 354, in get_explanation_features
    exp_score, feat_pos = get_lime_features(explainer, instance, cls, classification, exp_iter, feat_list, percentile)
  File "el_white_box_fidelity.py", line 221, in get_lime_features
    n = feat_list.index(feat_name)
ValueError: '-0.00' is not in list
"""

The above exception was the direct cause of the following exception:

Traceback (most recent call last):
  File "el_white_box_fidelity.py", line 534, in <module>
    for result in tqdm(pool.imap(test_fidelity, [i for i in range(len(sample_instances))]), total = len(sample_instances)):
  File "/home/n9455647/.conda/envs/conda_test/lib/python3.8/site-packages/tqdm/std.py", line 1195, in __iter__
    for obj in iterable:
  File "/home/n9455647/.conda/envs/conda_test/lib/python3.8/multiprocessing/pool.py", line 868, in next
    raise value
ValueError: '-0.00' is not in list
